\BOOKMARK [0][]{chapter*.2}{\376\377\004\022\004\062\004\065\004\064\004\065\004\075\004\070\004\065}{}
\BOOKMARK [0][]{chapter.1}{\376\377\004\023\004\073\004\060\004\062\004\060\000\040\0001\000.\000\040\004\041\004\065\004\074\004\060\004\075\004\102\004\070\004\107\004\065\004\101\004\072\004\060\004\117\000\040\004\101\004\065\004\102\004\114}{}
\BOOKMARK [1][]{section.1.1}{\376\377\0001\000.\0001\000.\000\040\004\022\004\062\004\065\004\064\004\065\004\075\004\070\004\065\000\040\004\062\000\040\004\101\004\065\004\074\004\060\004\075\004\102\004\070\004\107\004\065\004\101\004\072\004\070\004\065\000\040\004\101\004\065\004\102\004\070}{chapter.1}
\BOOKMARK [1][]{section.1.2}{\376\377\0001\000.\0002\000.\000\040\000O\000W\000L}{chapter.1}
\BOOKMARK [1][]{section.1.3}{\376\377\0001\000.\0003\000.\000\040\000S\000P\000A\000R\000Q\000L}{chapter.1}
\BOOKMARK [0][]{chapter.2}{\376\377\004\023\004\073\004\060\004\062\004\060\000\040\0002\000.\000\040\004\041\004\100\004\060\004\062\004\075\004\065\004\075\004\070\004\065\000\040\000R\000D\000F\000\040\004\101\000\040\004\064\004\100\004\103\004\063\004\070\004\074\004\070\000\040\004\074\004\076\004\064\004\065\004\073\004\117\004\074\004\070\000\040\004\105\004\100\004\060\004\075\004\070\004\073\004\070\004\111}{}
\BOOKMARK [1][]{section.2.1}{\376\377\0002\000.\0001\000.\000\040\004\040\004\065\004\073\004\117\004\106\004\070\004\076\004\075\004\075\004\113\004\065\000\040\004\105\004\100\004\060\004\075\004\070\004\073\004\070\004\111\004\060}{chapter.2}
\BOOKMARK [1][]{section.2.2}{\376\377\0002\000.\0002\000.\000\040\000K\000e\000y\000-\000V\000a\000l\000u\000e\000\040\004\105\004\100\004\060\004\075\004\070\004\073\004\070\004\111\004\060\000\050\000N\000o\000S\000Q\000L\000\051}{chapter.2}
\BOOKMARK [1][]{section.2.3}{\376\377\0002\000.\0003\000.\000\040\000R\000D\000F\000-\004\105\004\100\004\060\004\075\004\070\004\073\004\070\004\111\004\060}{chapter.2}
\BOOKMARK [0][]{chapter.3}{\376\377\004\023\004\073\004\060\004\062\004\060\000\040\0003\000.\000\040\004\040\004\060\004\067\004\100\004\060\004\061\004\076\004\102\004\072\004\060\000\040\000R\000D\000F\000-\004\105\004\100\004\060\004\075\004\070\004\073\004\070\004\111\004\060}{}
\BOOKMARK [1][]{section.3.1}{\376\377\0003\000.\0001\000.\000\040\004\037\004\076\004\101\004\102\004\100\004\076\004\065\004\075\004\070\004\065\000\040\004\076\004\075\004\102\004\076\004\073\004\076\004\063\004\070\004\070}{chapter.3}
\BOOKMARK [1][]{section.3.2}{\376\377\0003\000.\0002\000.\000\040\004\022\004\113\004\061\004\076\004\100\000\040\004\060\004\100\004\105\004\070\004\102\004\065\004\072\004\102\004\103\004\100\004\113\000\040\004\070\000\040\004\070\004\075\004\101\004\102\004\100\004\103\004\074\004\065\004\075\004\102\004\076\004\062}{chapter.3}
\BOOKMARK [1][]{section.3.3}{\376\377\0003\000.\0003\000.\000\040\000R\000D\000F\000r\000b}{chapter.3}
\BOOKMARK [1][]{section.3.4}{\376\377\0003\000.\0004\000.\000\040\000S\000P\000A\000R\000Q\000L\000-\004\102\004\076\004\107\004\072\004\060}{chapter.3}
\BOOKMARK [1][]{section.3.5}{\376\377\0003\000.\0005\000.\000\040\000S\000p\000i\000r\000a}{chapter.3}
\BOOKMARK [0][]{chapter.4}{\376\377\004\023\004\073\004\060\004\062\004\060\000\040\0004\000.\000\040\004\027\004\060\004\077\004\076\004\073\004\075\004\065\004\075\004\070\004\065\000\040\000R\000D\000F\000\040\004\105\004\100\004\060\004\075\004\070\004\073\004\070\004\111\004\060}{}
\BOOKMARK [1][]{section.4.1}{\376\377\0004\000.\0001\000.\000\040\004\037\004\060\004\100\004\101\004\070\004\075\004\063\000\040\004\070\004\075\004\102\004\065\004\100\004\075\004\065\004\102\000-\004\100\004\065\004\101\004\103\004\100\004\101\004\060\000\040\000W\000e\000b\000-\004\060\004\077\004\102\004\065\004\072\004\060}{chapter.4}
\BOOKMARK [1][]{section.4.2}{\376\377\0004\000.\0002\000.\000\040\004\041\004\076\004\105\004\100\004\060\004\075\004\065\004\075\004\070\004\065\000\040\004\070\004\075\004\104\004\076\004\100\004\074\004\060\004\106\004\070\004\070\000\040\004\062\000\040\000R\000D\000F\000-\004\104\004\076\004\100\004\074\004\060\004\102\004\065}{chapter.4}
\BOOKMARK [0][]{chapter.5}{\376\377\004\023\004\073\004\060\004\062\004\060\000\040\0005\000.\000\040\004\037\004\076\004\101\004\102\004\100\004\076\004\065\004\075\004\070\004\065\000\040\000w\000e\000b\000-\004\070\004\075\004\102\004\065\004\100\004\104\004\065\004\071\004\101\004\060}{}
\BOOKMARK [1][]{section.5.1}{\376\377\0005\000.\0001\000.\000\040\004\023\004\073\004\060\004\062\004\075\004\060\004\117\000\040\004\101\004\102\004\100\004\060\004\075\004\070\004\106\004\060}{chapter.5}
\BOOKMARK [1][]{section.5.2}{\376\377\0005\000.\0002\000.\000\040\004\041\004\102\004\100\004\060\004\075\004\070\004\106\004\060\000\040\004\077\004\100\004\065\004\077\004\060\004\100\004\060\004\102\004\060}{chapter.5}
\BOOKMARK [1][]{section.5.3}{\376\377\0005\000.\0003\000.\000\040\004\032\004\060\004\073\004\114\004\072\004\103\004\073\004\117\004\102\004\076\004\100\000\040\004\073\004\065\004\072\004\060\004\100\004\101\004\102\004\062}{chapter.5}
\BOOKMARK [1][]{section.5.4}{\376\377\0005\000.\0004\000.\000\040\000S\000P\000A\000R\000Q\000L\000\040\004\104\004\076\004\100\004\074\004\060}{chapter.5}
\BOOKMARK [0][]{section.5.4}{\376\377\004\033\004\070\004\101\004\102\004\070\004\075\004\063}{}
\BOOKMARK [1][]{chapter*.4}{\376\377\004\037\004\060\004\100\004\101\004\070\004\075\004\063\000\040\000W\000e\000b\000a\000p\000t\000e\000k\000a}{section.5.4}
\BOOKMARK [1][]{lstnumber.-24.36}{\376\377\004\035\004\060\004\101\004\102\004\100\004\076\004\071\004\072\004\060\000\040\000R\000D\000F\000-\004\100\004\065\004\077\004\076\004\067\004\070\004\102\004\076\004\100\004\070\004\117}{section.5.4}
\BOOKMARK [1][]{lstnumber.-25.16}{\376\377\004\027\004\060\004\077\004\076\004\073\004\075\004\065\004\075\004\070\004\065\000\040\000R\000D\000F\000-\004\105\004\100\004\060\004\075\004\070\004\073\004\070\004\111\004\060}{section.5.4}
\BOOKMARK [1][]{lstnumber.-26.90}{\376\377\004\032\004\076\004\075\004\102\004\100\004\076\004\073\004\073\004\065\004\100\004\113}{section.5.4}
\BOOKMARK [1][]{lstnumber.-28.12}{\376\377\004\034\004\076\004\064\004\065\004\073\004\070}{section.5.4}
\BOOKMARK [1][]{lstnumber.-32.13}{\376\377\004\037\004\100\004\065\004\064\004\101\004\102\004\060\004\062\004\073\004\065\004\075\004\070\004\117}{section.5.4}
